<?xml version="1.0" encoding="UTF-8"?>
<!-- Generated by org.testng.reporters.JUnitReportReporter -->
<testsuite skipped="0" hostname="CHL122908" name="hotelsBooking.CancelBooking" tests="1" failures="0" timestamp="2020-06-15T20:46:05 IST" time="1.639" errors="0">
  <testcase name="getBookingInfo" time="1.639" classname="hotelsBooking.CancelBooking"/>
  <system-out/>
</testsuite> <!-- hotelsBooking.CancelBooking -->
