<?xml version="1.0" encoding="UTF-8"?>
<!-- Generated by org.testng.reporters.JUnitReportReporter -->
<testsuite skipped="0" hostname="CHL122908" name="post.CreateNewChangeRequestWithRequestParams" tests="1" failures="0" timestamp="2020-05-22T18:11:57 IST" time="21.109" errors="0">
  <testcase name="getAllChangeRequest" time="21.109" classname="post.CreateNewChangeRequestWithRequestParams"/>
  <system-out/>
</testsuite> <!-- post.CreateNewChangeRequestWithRequestParams -->
