<?xml version="1.0" encoding="UTF-8"?>
<!-- Generated by org.testng.reporters.JUnitReportReporter -->
<testsuite skipped="0" hostname="CHL122908" name="runner.RunnerCucumberTest" tests="1" failures="0" timestamp="2020-05-23T14:01:09 IST" time="6.907" errors="0">
  <testcase name="runScenario" time="6.907" classname="runner.RunnerCucumberTest"/>
  <system-out/>
</testsuite> <!-- runner.RunnerCucumberTest -->
