<?xml version="1.0" encoding="UTF-8"?>
<!-- Generated by org.testng.reporters.JUnitReportReporter -->
<testsuite skipped="0" hostname="CHL122908" name="hotelsBooking.CheckRoomAvailabilityAndGetTheRoomRates" tests="1" failures="0" timestamp="2020-06-15T20:46:05 IST" time="64.464" errors="0">
  <testcase name="checkingRoomAvailabilityandGettingPrice" time="64.464" classname="hotelsBooking.CheckRoomAvailabilityAndGetTheRoomRates"/>
  <system-out/>
</testsuite> <!-- hotelsBooking.CheckRoomAvailabilityAndGetTheRoomRates -->
