<?xml version="1.0" encoding="UTF-8"?>
<!-- Generated by org.testng.reporters.JUnitReportReporter -->
<testsuite skipped="0" hostname="CHL122908" name="uiBank.ApplyLoan" tests="1" failures="0" timestamp="2020-06-22T18:36:03 IST" time="17.026" errors="0">
  <testcase name="loanApply" time="17.026" classname="uiBank.ApplyLoan"/>
  <system-out/>
</testsuite> <!-- uiBank.ApplyLoan -->
