<?xml version="1.0" encoding="UTF-8"?>
<!-- Generated by org.testng.reporters.JUnitReportReporter -->
<testsuite skipped="0" hostname="CHL122908" name="ChainingRequest.UpdatetheChangeRequestWithdatafile" tests="1" failures="0" timestamp="2020-05-17T13:08:14 IST" time="3.045" errors="0">
  <testcase name="updatechangeRequest" time="3.045" classname="ChainingRequest.UpdatetheChangeRequestWithdatafile"/>
  <system-out/>
</testsuite> <!-- ChainingRequest.UpdatetheChangeRequestWithdatafile -->
