<?xml version="1.0" encoding="UTF-8"?>
<!-- Generated by org.testng.reporters.JUnitReportReporter -->
<testsuite skipped="0" hostname="CHL122908" name="basic.CreateNewChangeRequestpassingDataFileWithDataProvider" tests="2" failures="0" timestamp="2020-05-17T10:19:53 IST" time="34.997" errors="0">
  <testcase name="createChangeRequest" time="17.521" classname="basic.CreateNewChangeRequestpassingDataFileWithDataProvider"/>
  <system-out/>
  <testcase name="createChangeRequest" time="17.476" classname="basic.CreateNewChangeRequestpassingDataFileWithDataProvider"/>
  <system-out/>
</testsuite> <!-- basic.CreateNewChangeRequestpassingDataFileWithDataProvider -->
