<?xml version="1.0" encoding="UTF-8"?>
<!-- Generated by org.testng.reporters.JUnitReportReporter -->
<testsuite skipped="0" hostname="CHL122908" name="getweather.GetCityWeather" tests="1" failures="0" timestamp="2020-05-25T17:50:08 IST" time="16.607" errors="0">
  <testcase name="getCityWeather" time="16.607" classname="getweather.GetCityWeather"/>
  <system-out/>
</testsuite> <!-- getweather.GetCityWeather -->
