<?xml version="1.0" encoding="UTF-8"?>
<!-- Generated by org.testng.reporters.JUnitReportReporter -->
<testsuite skipped="0" hostname="CHL122908" name="jiraAssignment1.CreateIssueWithStringBody" tests="1" failures="0" timestamp="2020-05-18T17:21:58 IST" time="12.328" errors="0">
  <testcase name="newIssuePassingStringVal" time="12.328" classname="jiraAssignment1.CreateIssueWithStringBody"/>
  <system-out/>
</testsuite> <!-- jiraAssignment1.CreateIssueWithStringBody -->
