<?xml version="1.0" encoding="UTF-8"?>
<!-- Generated by org.testng.reporters.JUnitReportReporter -->
<testsuite skipped="0" hostname="CHL122908" name="practiceRestAssured.TC06_PayPal_CreatProductWithDataProvider" tests="2" failures="0" timestamp="2020-06-04T21:28:19 IST" time="24.862" errors="0">
  <testcase name="creatProductwithExteranalFiles" time="12.431" classname="practiceRestAssured.TC06_PayPal_CreatProductWithDataProvider"/>
  <system-out/>
  <testcase name="creatProductwithExteranalFiles" time="12.431" classname="practiceRestAssured.TC06_PayPal_CreatProductWithDataProvider"/>
  <system-out/>
</testsuite> <!-- practiceRestAssured.TC06_PayPal_CreatProductWithDataProvider -->
