<?xml version="1.0" encoding="UTF-8"?>
<!-- Generated by org.testng.reporters.JUnitReportReporter -->
<testsuite skipped="0" hostname="CHL122908" name="uiBank.GetAccountDetails" tests="1" failures="0" timestamp="2020-06-22T17:12:49 IST" time="1.853" errors="0">
  <testcase name="accountCreation" time="1.853" classname="uiBank.GetAccountDetails"/>
  <system-out/>
</testsuite> <!-- uiBank.GetAccountDetails -->
