<?xml version="1.0" encoding="UTF-8"?>
<!-- Generated by org.testng.reporters.JUnitReportReporter -->
<testsuite skipped="0" hostname="CHL122908" name="tomtom.CreateFenceAndCheckTheFenceDetails" tests="1" failures="0" timestamp="2020-06-25T21:58:14 IST" time="12.481" errors="0">
  <testcase name="addfence" time="12.481" classname="tomtom.CreateFenceAndCheckTheFenceDetails"/>
  <system-out/>
</testsuite> <!-- tomtom.CreateFenceAndCheckTheFenceDetails -->
