<?xml version="1.0" encoding="UTF-8"?>
<!-- Generated by org.testng.reporters.JUnitReportReporter -->
<testsuite skipped="0" hostname="CHL122908" name="tomtom.AddProject" tests="1" failures="0" timestamp="2020-06-25T20:13:11 IST" time="11.987" errors="0">
  <testcase name="addProject" time="11.987" classname="tomtom.AddProject"/>
  <system-out/>
</testsuite> <!-- tomtom.AddProject -->
