<?xml version="1.0" encoding="UTF-8"?>
<!-- Generated by org.testng.reporters.JUnitReportReporter -->
<testsuite skipped="0" hostname="CHL122908" name="practiceRestAssured.TC07_PayPal_VerifyCreatedProductsIsListed" tests="1" failures="0" timestamp="2020-06-04T21:38:46 IST" time="18.077" errors="0">
  <testcase name="creatProductwithExteranalFiles" time="18.077" classname="practiceRestAssured.TC07_PayPal_VerifyCreatedProductsIsListed"/>
  <system-out/>
</testsuite> <!-- practiceRestAssured.TC07_PayPal_VerifyCreatedProductsIsListed -->
