<?xml version="1.0" encoding="UTF-8"?>
<!-- Generated by org.testng.reporters.JUnitReportReporter -->
<testsuite skipped="0" hostname="CHL122908" name="tomtom.AddProjectAndCheckCreatedProjectIsAvailable" tests="1" failures="0" timestamp="2020-06-25T21:58:14 IST" time="18.900" errors="0">
  <testcase name="addProject" time="18.900" classname="tomtom.AddProjectAndCheckCreatedProjectIsAvailable"/>
  <system-out/>
</testsuite> <!-- tomtom.AddProjectAndCheckCreatedProjectIsAvailable -->
