<?xml version="1.0" encoding="UTF-8"?>
<!-- Generated by org.testng.reporters.JUnitReportReporter -->
<testsuite skipped="0" hostname="CHL122908" name="basic.GetALLChangeRequest" tests="1" failures="0" timestamp="2020-05-16T12:08:22 IST" time="7.824" errors="0">
  <testcase name="getAllChangeRequest" time="7.824" classname="basic.GetALLChangeRequest"/>
  <system-out/>
</testsuite> <!-- basic.GetALLChangeRequest -->
