<?xml version="1.0" encoding="UTF-8"?>
<!-- Generated by org.testng.reporters.JUnitReportReporter -->
<testsuite skipped="0" hostname="CHL122908" name="basic.Assignment2Week2Day1GetAllJiraIssueWithpriorityMedium" tests="1" failures="0" timestamp="2020-05-18T16:41:48 IST" time="17.102" errors="0">
  <testcase name="jiraIssues" time="17.102" classname="basic.Assignment2Week2Day1GetAllJiraIssueWithpriorityMedium"/>
  <system-out/>
</testsuite> <!-- basic.Assignment2Week2Day1GetAllJiraIssueWithpriorityMedium -->
