<?xml version="1.0" encoding="UTF-8"?>
<!-- Generated by org.testng.reporters.JUnitReportReporter -->
<testsuite skipped="0" hostname="CHL122908" name="jiraAssignment3.CreateIssusWithExternalFile" tests="1" failures="0" timestamp="2020-05-19T18:30:26 IST" time="19.048" errors="0">
  <testcase name="createIssue" time="19.048" classname="jiraAssignment3.CreateIssusWithExternalFile"/>
  <system-out/>
</testsuite> <!-- jiraAssignment3.CreateIssusWithExternalFile -->
