<?xml version="1.0" encoding="UTF-8"?>
<!-- Generated by org.testng.reporters.JUnitReportReporter -->
<testsuite skipped="0" hostname="CHL122908" name="basic.CreateNewChangeRequestPassingStringValue" tests="1" failures="0" timestamp="2020-05-17T10:33:52 IST" time="17.386" errors="0">
  <testcase name="getAllChangeRequest" time="17.386" classname="basic.CreateNewChangeRequestPassingStringValue"/>
  <system-out/>
</testsuite> <!-- basic.CreateNewChangeRequestPassingStringValue -->
