<?xml version="1.0" encoding="UTF-8"?>
<!-- Generated by org.testng.reporters.JUnitReportReporter -->
<testsuite skipped="0" hostname="CHL122908" name="jiraAssignment1.GetALLLastestIssues" tests="1" failures="0" timestamp="2020-05-19T19:10:41 IST" time="19.045" errors="0">
  <testcase name="getAllJiraIssues" time="19.045" classname="jiraAssignment1.GetALLLastestIssues"/>
  <system-out/>
</testsuite> <!-- jiraAssignment1.GetALLLastestIssues -->
