<?xml version="1.0" encoding="UTF-8"?>
<!-- Generated by org.testng.reporters.JUnitReportReporter -->
<testsuite skipped="0" hostname="CHL122908" name="hotelsBooking.CheckRoomAvailability" tests="1" failures="0" timestamp="2020-06-15T14:03:46 IST" time="21.386" errors="0">
  <testcase name="checkingRoomAvailability" time="21.386" classname="hotelsBooking.CheckRoomAvailability"/>
  <system-out/>
</testsuite> <!-- hotelsBooking.CheckRoomAvailability -->
