<?xml version="1.0" encoding="UTF-8"?>
<!-- Generated by org.testng.reporters.JUnitReportReporter -->
<testsuite skipped="0" hostname="CHL122908" name="jiraAssignment1.DeleteFirtissue" tests="1" failures="0" timestamp="2020-05-18T17:52:40 IST" time="16.702" errors="0">
  <testcase name="getAllJiraIssues" time="16.702" classname="jiraAssignment1.DeleteFirtissue"/>
  <system-out/>
</testsuite> <!-- jiraAssignment1.DeleteFirtissue -->
