<?xml version="1.0" encoding="UTF-8"?>
<!-- Generated by org.testng.reporters.JUnitReportReporter -->
<testsuite skipped="0" hostname="CHL122908" name="ChainingRequest.CreateNewChangeRequestpassingDataFile" tests="1" failures="0" timestamp="2020-05-17T13:08:14 IST" time="23.915" errors="0">
  <testcase name="createChangeRequest" time="23.915" classname="ChainingRequest.CreateNewChangeRequestpassingDataFile"/>
  <system-out/>
</testsuite> <!-- ChainingRequest.CreateNewChangeRequestpassingDataFile -->
