<?xml version="1.0" encoding="UTF-8"?>
<!-- Generated by org.testng.reporters.JUnitReportReporter -->
<testsuite skipped="0" hostname="CHL122908" name="hotelsBooking.GetBookingDetails" tests="1" failures="0" timestamp="2020-06-15T19:46:36 IST" time="1.983" errors="0">
  <testcase name="getBookingInfo" time="1.983" classname="hotelsBooking.GetBookingDetails"/>
  <system-out/>
</testsuite> <!-- hotelsBooking.GetBookingDetails -->
