<?xml version="1.0" encoding="UTF-8"?>
<!-- Generated by org.testng.reporters.JUnitReportReporter -->
<testsuite skipped="0" hostname="CHL122908" name="basic.AssignmentWeek2Day1GetAllJiraIssueWithSomeOperations" tests="1" failures="0" timestamp="2020-05-16T21:48:11 IST" time="14.296" errors="0">
  <testcase name="jiraIssues" time="14.296" classname="basic.AssignmentWeek2Day1GetAllJiraIssueWithSomeOperations"/>
  <system-out/>
</testsuite> <!-- basic.AssignmentWeek2Day1GetAllJiraIssueWithSomeOperations -->
