<?xml version="1.0" encoding="UTF-8"?>
<!-- Generated by org.testng.reporters.JUnitReportReporter -->
<testsuite skipped="0" hostname="CHL122908" name="jiraAssignment.GetALLLastestIssues" tests="1" failures="0" timestamp="2020-05-18T16:46:50 IST" time="13.081" errors="0">
  <testcase name="getAllJiraIssues" time="13.081" classname="jiraAssignment.GetALLLastestIssues"/>
  <system-out/>
</testsuite> <!-- jiraAssignment.GetALLLastestIssues -->
