<?xml version="1.0" encoding="UTF-8"?>
<!-- Generated by org.testng.reporters.JUnitReportReporter -->
<testsuite skipped="0" hostname="CHL122908" name="jiraAssignment2.CreateIssueWithMultipleDataFile" tests="3" failures="0" timestamp="2020-05-18T18:32:39 IST" time="29.046" errors="0">
  <testcase name="newIssuePassingStringVal" time="9.682" classname="jiraAssignment2.CreateIssueWithMultipleDataFile"/>
  <system-out/>
  <testcase name="newIssuePassingStringVal" time="9.682" classname="jiraAssignment2.CreateIssueWithMultipleDataFile"/>
  <system-out/>
  <testcase name="newIssuePassingStringVal" time="9.682" classname="jiraAssignment2.CreateIssueWithMultipleDataFile"/>
  <system-out/>
</testsuite> <!-- jiraAssignment2.CreateIssueWithMultipleDataFile -->
