<?xml version="1.0" encoding="UTF-8"?>
<!-- Generated by org.testng.reporters.JUnitReportReporter -->
<testsuite skipped="0" hostname="CHL122908" name="ChainingRequest.CreateNewChangeRequestwithValidation" tests="1" failures="0" timestamp="2020-05-18T15:52:58 IST" time="15.744" errors="0">
  <testcase name="createChangeRequest" time="15.744" classname="ChainingRequest.CreateNewChangeRequestwithValidation"/>
  <system-out/>
</testsuite> <!-- ChainingRequest.CreateNewChangeRequestwithValidation -->
