<?xml version="1.0" encoding="UTF-8"?>
<!-- Generated by org.testng.reporters.JUnitReportReporter -->
<testsuite skipped="0" hostname="CHL122908" name="zohoCutomer.CreateCustomer" tests="1" failures="0" timestamp="2020-06-16T17:21:05 IST" time="16.058" errors="0">
  <testcase name="createCustomer" time="16.058" classname="zohoCutomer.CreateCustomer"/>
  <system-out/>
</testsuite> <!-- zohoCutomer.CreateCustomer -->
