<?xml version="1.0" encoding="UTF-8"?>
<!-- Generated by org.testng.reporters.JUnitReportReporter -->
<testsuite skipped="0" hostname="CHL122908" name="jiraAssignment3.DeleteIssueUsingChainingConcept" tests="1" failures="0" timestamp="2020-05-19T18:30:26 IST" time="1.259" errors="0">
  <testcase name="deleteIssue" time="1.259" classname="jiraAssignment3.DeleteIssueUsingChainingConcept"/>
  <system-out/>
</testsuite> <!-- jiraAssignment3.DeleteIssueUsingChainingConcept -->
