<?xml version="1.0" encoding="UTF-8"?>
<!-- Generated by org.testng.reporters.JUnitReportReporter -->
<testsuite skipped="0" hostname="CHL122908" name="jiraAssignment0.DeleteFirtissue" tests="1" failures="0" timestamp="2020-05-19T19:03:46 IST" time="24.318" errors="0">
  <testcase name="getAllJiraIssues" time="24.318" classname="jiraAssignment0.DeleteFirtissue"/>
  <system-out/>
</testsuite> <!-- jiraAssignment0.DeleteFirtissue -->
