<?xml version="1.0" encoding="UTF-8"?>
<!-- Generated by org.testng.reporters.JUnitReportReporter -->
<testsuite skipped="0" hostname="CHL122908" name="basic.ClassRoomExcersice" tests="1" failures="0" timestamp="2020-05-16T13:35:08 IST" time="8.159" errors="0">
  <testcase name="getAllChangeRequest" time="8.159" classname="basic.ClassRoomExcersice"/>
  <system-out/>
</testsuite> <!-- basic.ClassRoomExcersice -->
