<?xml version="1.0" encoding="UTF-8"?>
<!-- Generated by org.testng.reporters.JUnitReportReporter -->
<testsuite skipped="0" hostname="CHL122908" name="tomtom.CreateFenceAndCheckTheFence" tests="1" failures="0" timestamp="2020-06-25T21:55:38 IST" time="5.976" errors="0">
  <testcase name="addfence" time="5.976" classname="tomtom.CreateFenceAndCheckTheFence"/>
  <system-out/>
</testsuite> <!-- tomtom.CreateFenceAndCheckTheFence -->
