<?xml version="1.0" encoding="UTF-8"?>
<!-- Generated by org.testng.reporters.JUnitReportReporter -->
<testsuite skipped="0" hostname="CHL122908" name="jiraAssignment0.getIssueAttachmentFileName" tests="1" failures="0" timestamp="2020-05-19T20:38:21 IST" time="15.721" errors="0">
  <testcase name="getAllJiraIssues" time="15.721" classname="jiraAssignment0.getIssueAttachmentFileName"/>
  <system-out/>
</testsuite> <!-- jiraAssignment0.getIssueAttachmentFileName -->
