<?xml version="1.0" encoding="UTF-8"?>
<!-- Generated by org.testng.reporters.JUnitReportReporter -->
<testsuite skipped="0" hostname="CHL122908" name="uiBank.GetLoanStatusAndVerify" tests="1" failures="0" timestamp="2020-06-22T18:36:03 IST" time="1.763" errors="0">
  <testcase name="accountCreation" time="1.763" classname="uiBank.GetLoanStatusAndVerify"/>
  <system-out/>
</testsuite> <!-- uiBank.GetLoanStatusAndVerify -->
