<?xml version="1.0" encoding="UTF-8"?>
<!-- Generated by org.testng.reporters.JUnitReportReporter -->
<testsuite skipped="0" hostname="CHL122908" name="basic.CreateNewChangeRequest" tests="1" failures="0" timestamp="2020-05-17T10:11:32 IST" time="23.054" errors="0">
  <testcase name="getAllChangeRequest" time="23.054" classname="basic.CreateNewChangeRequest"/>
  <system-out/>
</testsuite> <!-- basic.CreateNewChangeRequest -->
