<?xml version="1.0" encoding="UTF-8"?>
<!-- Generated by org.testng.reporters.JUnitReportReporter -->
<testsuite skipped="0" hostname="CHL122908" name="hotelsBooking.BookingHotel" tests="1" failures="0" timestamp="2020-06-15T20:46:05 IST" time="3.615" errors="0">
  <testcase name="booking" time="3.615" classname="hotelsBooking.BookingHotel"/>
  <system-out/>
</testsuite> <!-- hotelsBooking.BookingHotel -->
