<?xml version="1.0" encoding="UTF-8"?>
<!-- Generated by org.testng.reporters.JUnitReportReporter -->
<testsuite skipped="0" hostname="CHL122908" name="zohoCutomer.DeleteCustomer" tests="1" failures="0" timestamp="2020-06-16T17:21:06 IST" time="2.005" errors="0">
  <testcase name="createCustomer" time="2.005" classname="zohoCutomer.DeleteCustomer"/>
  <system-out/>
</testsuite> <!-- zohoCutomer.DeleteCustomer -->
