<?xml version="1.0" encoding="UTF-8"?>
<!-- Generated by org.testng.reporters.JUnitReportReporter -->
<testsuite skipped="0" hostname="CHL122908" name="put.UpdatetheChangeRequestWithdatafile" tests="1" failures="0" timestamp="2020-05-17T11:24:20 IST" time="18.634" errors="0">
  <testcase name="getAllChangeRequest" time="18.634" classname="put.UpdatetheChangeRequestWithdatafile"/>
  <system-out/>
</testsuite> <!-- put.UpdatetheChangeRequestWithdatafile -->
